mode: set
craftDemoClient/format/tableFormat/tableFormat.go:29.45,41.16 5 0
craftDemoClient/format/tableFormat/tableFormat.go:46.2,51.21 4 0
craftDemoClient/format/tableFormat/tableFormat.go:41.16,43.3 1 0
craftDemoClient/format/tableFormat/tableFormat.go:54.83,59.27 3 1
craftDemoClient/format/tableFormat/tableFormat.go:74.2,74.15 1 1
craftDemoClient/format/tableFormat/tableFormat.go:59.27,63.26 3 1
craftDemoClient/format/tableFormat/tableFormat.go:71.3,71.47 1 1
craftDemoClient/format/tableFormat/tableFormat.go:63.26,65.37 2 1
craftDemoClient/format/tableFormat/tableFormat.go:65.37,67.5 1 1
craftDemoClient/format/tableFormat/tableFormat.go:67.10,69.5 1 1
craftDemoClient/format/tableFormat/tableFormat.go:77.60,81.25 4 1
craftDemoClient/format/tableFormat/tableFormat.go:97.2,105.15 4 1
craftDemoClient/format/tableFormat/tableFormat.go:81.25,83.40 1 1
craftDemoClient/format/tableFormat/tableFormat.go:86.3,90.42 3 1
craftDemoClient/format/tableFormat/tableFormat.go:83.40,85.4 1 1
craftDemoClient/format/tableFormat/tableFormat.go:90.42,92.4 1 1
craftDemoClient/format/tableFormat/tableFormat.go:92.9,94.4 1 1
craftDemoClient/format/tableFormat/tableFormat.go:108.99,127.54 2 1
craftDemoClient/format/tableFormat/tableFormat.go:180.2,180.12 1 1
craftDemoClient/format/tableFormat/tableFormat.go:128.15,129.34 1 1
craftDemoClient/format/tableFormat/tableFormat.go:177.10,178.43 1 1
craftDemoClient/format/tableFormat/tableFormat.go:129.34,132.56 3 1
craftDemoClient/format/tableFormat/tableFormat.go:133.18,134.15 1 1
craftDemoClient/format/tableFormat/tableFormat.go:138.5,138.39 1 1
craftDemoClient/format/tableFormat/tableFormat.go:173.12,174.44 1 1
craftDemoClient/format/tableFormat/tableFormat.go:134.15,137.6 1 1
craftDemoClient/format/tableFormat/tableFormat.go:138.39,142.71 2 1
craftDemoClient/format/tableFormat/tableFormat.go:153.6,153.16 1 1
craftDemoClient/format/tableFormat/tableFormat.go:158.6,159.49 2 1
craftDemoClient/format/tableFormat/tableFormat.go:144.20,145.42 1 1
craftDemoClient/format/tableFormat/tableFormat.go:146.17,147.53 1 1
craftDemoClient/format/tableFormat/tableFormat.go:148.14,149.46 1 1
craftDemoClient/format/tableFormat/tableFormat.go:153.16,155.7 1 1
craftDemoClient/format/tableFormat/tableFormat.go:159.49,161.23 1 1
craftDemoClient/format/tableFormat/tableFormat.go:161.23,163.8 1 1
craftDemoClient/format/tableFormat/tableFormat.go:164.12,166.46 1 1
craftDemoClient/format/tableFormat/tableFormat.go:166.46,168.8 1 1
craftDemoClient/format/tableFormat/tableFormat.go:168.13,170.8 1 1
